<?xml version="1.0" encoding="UTF-8"?>
<!-- Generated by org.testng.reporters.JUnitXMLReporter -->
<testsuite hostname="HP-PC" ignored="0" name="Test" tests="1" failures="1" timestamp="20 Apr 2018 19:38:09 GMT" time="0.043" errors="0">
  <testcase name="validLoginLogout" time="0.0" classname="com.actitime.tests.ValidLoginLogoutTest">
    <failure type="org.testng.TestNGException" message="
Cannot inject @Test annotated Method [validLoginLogout] with [interface org.openqa.selenium.WebDriver].
For more information on native dependency injection please refer to http://testng.org/doc/documentation-main.html#native-dependency-injection">
      <![CDATA[org.testng.TestNGException: 
Cannot inject @Test annotated Method [validLoginLogout] with [interface org.openqa.selenium.WebDriver].
For more information on native dependency injection please refer to http://testng.org/doc/documentation-main.html#native-dependency-injection
... Removed 24 stack frames]]>
    </failure>
  </testcase> <!-- validLoginLogout -->
</testsuite> <!-- Test -->
